2023/11/16 21:34:01 [emerg] 1#1: host not found in upstream "wordpress_instance:9000" in /etc/nginx/conf.d/blog.thanhtruc.dev.conf:20
2023/11/16 21:34:02 [notice] 1#1: ModSecurity-nginx v1.0.3 (rules loaded inline/local/remote: 0/794/0)
2023/11/16 21:34:02 [notice] 1#1: using the "epoll" event method
2023/11/16 21:34:02 [notice] 1#1: nginx/1.25.3
2023/11/16 21:34:02 [notice] 1#1: built by gcc 12.2.1 20220924 (Alpine 12.2.1_git20220924-r10) 
2023/11/16 21:34:02 [notice] 1#1: OS: Linux 5.15.0-46-generic
2023/11/16 21:34:02 [notice] 1#1: getrlimit(RLIMIT_NOFILE): 1048576:1048576
2023/11/16 21:34:02 [notice] 1#1: start worker processes
2023/11/16 21:34:02 [notice] 1#1: start worker process 46
2023/11/16 21:34:02 [notice] 1#1: start worker process 47
2023/11/16 21:34:02 [notice] 1#1: start cache manager process 48
2023/11/16 21:34:02 [notice] 1#1: start cache loader process 49
2023/11/16 21:35:02 [notice] 49#49: http file cache: /var/run/nginx-cache 0.000M, bsize: 4096
2023/11/16 21:35:02 [notice] 1#1: signal 17 (SIGCHLD) received from 49
2023/11/16 21:35:02 [notice] 1#1: cache loader process 49 exited with code 0
2023/11/16 21:35:02 [notice] 1#1: signal 29 (SIGIO) received
2023/11/16 21:35:58 [notice] 1#1: signal 3 (SIGQUIT) received, shutting down
2023/11/16 21:35:58 [notice] 46#46: gracefully shutting down
2023/11/16 21:35:58 [notice] 47#47: gracefully shutting down
2023/11/16 21:35:58 [notice] 46#46: exiting
2023/11/16 21:35:58 [notice] 47#47: exiting
2023/11/16 21:35:58 [notice] 48#48: exiting
2023/11/16 21:35:58 [notice] 1#1: signal 17 (SIGCHLD) received from 48
2023/11/16 21:35:58 [notice] 1#1: cache manager process 48 exited with code 0
2023/11/16 21:35:58 [notice] 1#1: signal 29 (SIGIO) received
2023/11/16 21:35:58 [notice] 46#46: exit
2023/11/16 21:35:58 [notice] 47#47: exit
2023/11/16 21:35:59 [notice] 1#1: signal 17 (SIGCHLD) received from 46
2023/11/16 21:35:59 [notice] 1#1: worker process 46 exited with code 0
2023/11/16 21:35:59 [notice] 1#1: signal 29 (SIGIO) received
2023/11/16 21:35:59 [notice] 1#1: signal 17 (SIGCHLD) received from 47
2023/11/16 21:35:59 [notice] 1#1: worker process 47 exited with code 0
2023/11/16 21:35:59 [notice] 1#1: exit
